# JRE version: OpenJDK Runtime Environment (11.0.15) (build 11.0.15+0-b2043.56-8887301)
# Java VM: OpenJDK 64-Bit Server VM (11.0.15+0-b2043.56-8887301, mixed mode, tiered, compressed oops, g1 gc, windows-amd64)
Heap:
 garbage-first heap   total 262144K, used 198734K [0x0000000080000000, 0x0000000100000000)
  region size 1024K, 90 young (92160K), 5 survivors (5120K)
 Metaspace       used 108888K, capacity 111804K, committed 112048K, reserved 1146880K
  class space    used 13977K, capacity 15084K, committed 15104K, reserved 1048576K
GC Heap History (20 events):
Event: 14.249 GC heap before
{Heap before GC invocations=10 (full 0):
 garbage-first heap   total 262144K, used 153994K [0x0000000080000000, 0x0000000100000000)
  region size 1024K, 95 young (97280K), 3 survivors (3072K)
 Metaspace       used 66352K, capacity 68041K, committed 68144K, reserved 1107968K
  class space    used 8421K, capacity 9077K, committed 9088K, reserved 1048576K
}
Event: 14.255 GC heap after
{Heap after GC invocations=11 (full 0):
 garbage-first heap   total 262144K, used 58640K [0x0000000080000000, 0x0000000100000000)
  region size 1024K, 9 young (9216K), 9 survivors (9216K)
 Metaspace       used 66352K, capacity 68041K, committed 68144K, reserved 1107968K
  class space    used 8421K, capacity 9077K, committed 9088K, reserved 1048576K
}
Event: 15.342 GC heap before
{Heap before GC invocations=11 (full 0):
 garbage-first heap   total 262144K, used 157968K [0x0000000080000000, 0x0000000100000000)
  region size 1024K, 106 young (108544K), 9 survivors (9216K)
 Metaspace       used 72624K, capacity 74425K, committed 74672K, reserved 1114112K
  class space    used 9411K, capacity 10135K, committed 10240K, reserved 1048576K
}
Event: 15.357 GC heap after
{Heap after GC invocations=12 (full 0):
 garbage-first heap   total 262144K, used 65684K [0x0000000080000000, 0x0000000100000000)
  region size 1024K, 14 young (14336K), 14 survivors (14336K)
 Metaspace       used 72624K, capacity 74425K, committed 74672K, reserved 1114112K
  class space    used 9411K, capacity 10135K, committed 10240K, reserved 1048576K
}
Event: 16.680 GC heap before
{Heap before GC invocations=12 (full 0):
 garbage-first heap   total 262144K, used 168084K [0x0000000080000000, 0x0000000100000000)
  region size 1024K, 114 young (116736K), 14 survivors (14336K)
 Metaspace       used 82757K, capacity 84665K, committed 84784K, reserved 1122304K
  class space    used 10810K, capacity 11565K, committed 11648K, reserved 1048576K
}
Event: 16.692 GC heap after
{Heap after GC invocations=13 (full 0):
 garbage-first heap   total 262144K, used 71960K [0x0000000080000000, 0x0000000100000000)
  region size 1024K, 13 young (13312K), 13 survivors (13312K)
 Metaspace       used 82757K, capacity 84665K, committed 84784K, reserved 1122304K
  class space    used 10810K, capacity 11565K, committed 11648K, reserved 1048576K
}
Event: 18.029 GC heap before
{Heap before GC invocations=13 (full 0):
 garbage-first heap   total 262144K, used 177432K [0x0000000080000000, 0x0000000100000000)
  region size 1024K, 116 young (118784K), 13 survivors (13312K)
 Metaspace       used 85729K, capacity 88002K, committed 88112K, reserved 1126400K
  class space    used 11238K, capacity 12130K, committed 12160K, reserved 1048576K
}
Event: 18.043 GC heap after
{Heap after GC invocations=14 (full 0):
 garbage-first heap   total 262144K, used 82944K [0x0000000080000000, 0x0000000100000000)
  region size 1024K, 15 young (15360K), 15 survivors (15360K)
 Metaspace       used 85729K, capacity 88002K, committed 88112K, reserved 1126400K
  class space    used 11238K, capacity 12130K, committed 12160K, reserved 1048576K
}
Event: 19.521 GC heap before
{Heap before GC invocations=14 (full 0):
 garbage-first heap   total 262144K, used 186368K [0x0000000080000000, 0x0000000100000000)
  region size 1024K, 115 young (117760K), 15 survivors (15360K)
 Metaspace       used 90618K, capacity 93111K, committed 93360K, reserved 1130496K
  class space    used 11812K, capacity 12729K, committed 12800K, reserved 1048576K
}
Event: 19.541 GC heap after
{Heap after GC invocations=15 (full 0):
 garbage-first heap   total 262144K, used 102594K [0x0000000080000000, 0x0000000100000000)
  region size 1024K, 15 young (15360K), 15 survivors (15360K)
 Metaspace       used 90618K, capacity 93111K, committed 93360K, reserved 1130496K
  class space    used 11812K, capacity 12729K, committed 12800K, reserved 1048576K
}
Event: 20.584 GC heap before
{Heap before GC invocations=15 (full 0):
 garbage-first heap   total 262144K, used 203970K [0x0000000080000000, 0x0000000100000000)
  region size 1024K, 98 young (100352K), 15 survivors (15360K)
 Metaspace       used 96625K, capacity 99338K, committed 99632K, reserved 1134592K
  class space    used 12509K, capacity 13576K, committed 13696K, reserved 1048576K
}
Event: 20.596 GC heap after
{Heap after GC invocations=16 (full 0):
 garbage-first heap   total 262144K, used 110721K [0x0000000080000000, 0x0000000100000000)
  region size 1024K, 8 young (8192K), 8 survivors (8192K)
 Metaspace       used 96625K, capacity 99338K, committed 99632K, reserved 1134592K
  class space    used 12509K, capacity 13576K, committed 13696K, reserved 1048576K
}
Event: 20.877 GC heap before
{Heap before GC invocations=16 (full 0):
 garbage-first heap   total 262144K, used 138369K [0x0000000080000000, 0x0000000100000000)
  region size 1024K, 37 young (37888K), 8 survivors (8192K)
 Metaspace       used 97642K, capacity 100378K, committed 100528K, reserved 1136640K
  class space    used 12625K, capacity 13727K, committed 13824K, reserved 1048576K
}
Event: 20.891 GC heap after
{Heap after GC invocations=17 (full 0):
 garbage-first heap   total 262144K, used 114688K [0x0000000080000000, 0x0000000100000000)
  region size 1024K, 4 young (4096K), 4 survivors (4096K)
 Metaspace       used 97642K, capacity 100378K, committed 100528K, reserved 1136640K
  class space    used 12625K, capacity 13727K, committed 13824K, reserved 1048576K
}
Event: 21.694 GC heap before
{Heap before GC invocations=18 (full 0):
 garbage-first heap   total 262144K, used 196608K [0x0000000080000000, 0x0000000100000000)
  region size 1024K, 87 young (89088K), 4 survivors (4096K)
 Metaspace       used 99400K, capacity 102093K, committed 102448K, reserved 1138688K
  class space    used 12790K, capacity 13833K, committed 13952K, reserved 1048576K
}
Event: 21.701 GC heap after
{Heap after GC invocations=19 (full 0):
 garbage-first heap   total 262144K, used 116388K [0x0000000080000000, 0x0000000100000000)
  region size 1024K, 8 young (8192K), 8 survivors (8192K)
 Metaspace       used 99400K, capacity 102093K, committed 102448K, reserved 1138688K
  class space    used 12790K, capacity 13833K, committed 13952K, reserved 1048576K
}
Event: 21.714 GC heap before
{Heap before GC invocations=19 (full 0):
 garbage-first heap   total 262144K, used 120484K [0x0000000080000000, 0x0000000100000000)
  region size 1024K, 12 young (12288K), 8 survivors (8192K)
 Metaspace       used 99472K, capacity 102093K, committed 102448K, reserved 1138688K
  class space    used 12807K, capacity 13833K, committed 13952K, reserved 1048576K
}
Event: 21.719 GC heap after
{Heap after GC invocations=20 (full 0):
 garbage-first heap   total 262144K, used 110611K [0x0000000080000000, 0x0000000100000000)
  region size 1024K, 2 young (2048K), 2 survivors (2048K)
 Metaspace       used 99472K, capacity 102093K, committed 102448K, reserved 1138688K
  class space    used 12807K, capacity 13833K, committed 13952K, reserved 1048576K
}
Event: 26.370 GC heap before
{Heap before GC invocations=20 (full 0):
 garbage-first heap   total 262144K, used 198675K [0x0000000080000000, 0x0000000100000000)
  region size 1024K, 89 young (91136K), 2 survivors (2048K)
 Metaspace       used 103694K, capacity 106414K, committed 106800K, reserved 1142784K
  class space    used 13293K, capacity 14335K, committed 14464K, reserved 1048576K
}
Event: 26.375 GC heap after
{Heap after GC invocations=21 (full 0):
 garbage-first heap   total 262144K, used 113742K [0x0000000080000000, 0x0000000100000000)
  region size 1024K, 5 young (5120K), 5 survivors (5120K)
 Metaspace       used 103694K, capacity 106414K, committed 106800K, reserved 1142784K
  class space    used 13293K, capacity 14335K, committed 14464K, reserved 1048576K
}

