# JRE version: OpenJDK Runtime Environment (11.0.15) (build 11.0.15+0-b2043.56-8887301)
# Java VM: OpenJDK 64-Bit Server VM (11.0.15+0-b2043.56-8887301, mixed mode, tiered, compressed oops, g1 gc, windows-amd64)
Heap:
 garbage-first heap   total 640000K, used 317256K [0x0000000080000000, 0x0000000100000000)
  region size 1024K, 4 young (4096K), 4 survivors (4096K)
 Metaspace       used 161277K, capacity 166736K, committed 166812K, reserved 1193984K
  class space    used 20337K, capacity 22296K, committed 22296K, reserved 1048576K
GC Heap History (20 events):
Event: 856.392 GC heap after
{Heap after GC invocations=83 (full 0):
 garbage-first heap   total 322560K, used 257989K [0x0000000080000000, 0x0000000100000000)
  region size 1024K, 2 young (2048K), 2 survivors (2048K)
 Metaspace       used 158015K, capacity 163328K, committed 163484K, reserved 1191936K
  class space    used 20018K, capacity 21922K, committed 22040K, reserved 1048576K
}
Event: 856.443 GC heap before
{Heap before GC invocations=83 (full 0):
 garbage-first heap   total 322560K, used 271301K [0x0000000080000000, 0x0000000100000000)
  region size 1024K, 15 young (15360K), 2 survivors (2048K)
 Metaspace       used 158123K, capacity 163392K, committed 163740K, reserved 1191936K
  class space    used 20018K, capacity 21922K, committed 22040K, reserved 1048576K
}
Event: 856.451 GC heap after
{Heap after GC invocations=84 (full 0):
 garbage-first heap   total 322560K, used 237019K [0x0000000080000000, 0x0000000100000000)
  region size 1024K, 1 young (1024K), 1 survivors (1024K)
 Metaspace       used 158123K, capacity 163392K, committed 163740K, reserved 1191936K
  class space    used 20018K, capacity 21922K, committed 22040K, reserved 1048576K
}
Event: 856.556 GC heap before
{Heap before GC invocations=84 (full 0):
 garbage-first heap   total 322560K, used 263643K [0x0000000080000000, 0x0000000100000000)
  region size 1024K, 28 young (28672K), 1 survivors (1024K)
 Metaspace       used 158212K, capacity 163464K, committed 163740K, reserved 1191936K
  class space    used 20021K, capacity 21922K, committed 22040K, reserved 1048576K
}
Event: 856.560 GC heap after
{Heap after GC invocations=85 (full 0):
 garbage-first heap   total 322560K, used 239023K [0x0000000080000000, 0x0000000100000000)
  region size 1024K, 3 young (3072K), 3 survivors (3072K)
 Metaspace       used 158212K, capacity 163464K, committed 163740K, reserved 1191936K
  class space    used 20021K, capacity 21922K, committed 22040K, reserved 1048576K
}
Event: 856.672 GC heap before
{Heap before GC invocations=85 (full 0):
 garbage-first heap   total 322560K, used 267695K [0x0000000080000000, 0x0000000100000000)
  region size 1024K, 31 young (31744K), 3 survivors (3072K)
 Metaspace       used 158767K, capacity 164044K, committed 164252K, reserved 1191936K
  class space    used 20065K, capacity 21986K, committed 22040K, reserved 1048576K
}
Event: 856.677 GC heap after
{Heap after GC invocations=86 (full 0):
 garbage-first heap   total 322560K, used 243089K [0x0000000080000000, 0x0000000100000000)
  region size 1024K, 4 young (4096K), 4 survivors (4096K)
 Metaspace       used 158767K, capacity 164044K, committed 164252K, reserved 1191936K
  class space    used 20065K, capacity 21986K, committed 22040K, reserved 1048576K
}
Event: 856.801 GC heap before
{Heap before GC invocations=86 (full 0):
 garbage-first heap   total 322560K, used 268689K [0x0000000080000000, 0x0000000100000000)
  region size 1024K, 30 young (30720K), 4 survivors (4096K)
 Metaspace       used 158945K, capacity 164198K, committed 164252K, reserved 1191936K
  class space    used 20074K, capacity 21990K, committed 22040K, reserved 1048576K
}
Event: 856.806 GC heap after
{Heap after GC invocations=87 (full 0):
 garbage-first heap   total 322560K, used 240803K [0x0000000080000000, 0x0000000100000000)
  region size 1024K, 2 young (2048K), 2 survivors (2048K)
 Metaspace       used 158945K, capacity 164198K, committed 164252K, reserved 1191936K
  class space    used 20074K, capacity 21990K, committed 22040K, reserved 1048576K
}
Event: 857.158 GC heap before
{Heap before GC invocations=88 (full 0):
 garbage-first heap   total 322560K, used 268451K [0x0000000080000000, 0x0000000100000000)
  region size 1024K, 31 young (31744K), 2 survivors (2048K)
 Metaspace       used 159635K, capacity 164940K, committed 165148K, reserved 1191936K
  class space    used 20160K, capacity 22067K, committed 22168K, reserved 1048576K
}
Event: 857.162 GC heap after
{Heap after GC invocations=89 (full 0):
 garbage-first heap   total 322560K, used 239978K [0x0000000080000000, 0x0000000100000000)
  region size 1024K, 2 young (2048K), 2 survivors (2048K)
 Metaspace       used 159635K, capacity 164940K, committed 165148K, reserved 1191936K
  class space    used 20160K, capacity 22067K, committed 22168K, reserved 1048576K
}
Event: 857.263 GC heap before
{Heap before GC invocations=89 (full 0):
 garbage-first heap   total 322560K, used 252266K [0x0000000080000000, 0x0000000100000000)
  region size 1024K, 15 young (15360K), 2 survivors (2048K)
 Metaspace       used 159924K, capacity 165243K, committed 165404K, reserved 1191936K
  class space    used 20196K, capacity 22104K, committed 22168K, reserved 1048576K
}
Event: 857.270 GC heap after
{Heap after GC invocations=90 (full 0):
 garbage-first heap   total 387072K, used 232544K [0x0000000080000000, 0x0000000100000000)
  region size 1024K, 2 young (2048K), 2 survivors (2048K)
 Metaspace       used 159924K, capacity 165243K, committed 165404K, reserved 1191936K
  class space    used 20196K, capacity 22104K, committed 22168K, reserved 1048576K
}
Event: 857.693 GC heap before
{Heap before GC invocations=90 (full 0):
 garbage-first heap   total 387072K, used 335968K [0x0000000080000000, 0x0000000100000000)
  region size 1024K, 65 young (66560K), 2 survivors (2048K)
 Metaspace       used 160846K, capacity 166225K, committed 166300K, reserved 1193984K
  class space    used 20303K, capacity 22235K, committed 22296K, reserved 1048576K
}
Event: 857.700 GC heap after
{Heap after GC invocations=91 (full 0):
 garbage-first heap   total 387072K, used 265279K [0x0000000080000000, 0x0000000100000000)
  region size 1024K, 9 young (9216K), 9 survivors (9216K)
 Metaspace       used 160846K, capacity 166225K, committed 166300K, reserved 1193984K
  class space    used 20303K, capacity 22235K, committed 22296K, reserved 1048576K
}
Event: 857.888 GC heap before
{Heap before GC invocations=91 (full 0):
 garbage-first heap   total 387072K, used 315455K [0x0000000080000000, 0x0000000100000000)
  region size 1024K, 57 young (58368K), 9 survivors (9216K)
 Metaspace       used 161197K, capacity 166604K, committed 166812K, reserved 1193984K
  class space    used 20337K, capacity 22296K, committed 22296K, reserved 1048576K
}
Event: 857.909 GC heap after
{Heap after GC invocations=92 (full 0):
 garbage-first heap   total 387072K, used 288069K [0x0000000080000000, 0x0000000100000000)
  region size 1024K, 8 young (8192K), 8 survivors (8192K)
 Metaspace       used 161197K, capacity 166604K, committed 166812K, reserved 1193984K
  class space    used 20337K, capacity 22296K, committed 22296K, reserved 1048576K
}
Event: 858.000 GC heap before
{Heap before GC invocations=92 (full 0):
 garbage-first heap   total 387072K, used 319813K [0x0000000080000000, 0x0000000100000000)
  region size 1024K, 40 young (40960K), 8 survivors (8192K)
 Metaspace       used 161263K, capacity 166671K, committed 166812K, reserved 1193984K
  class space    used 20337K, capacity 22296K, committed 22296K, reserved 1048576K
}
Event: 858.023 GC heap after
{Heap after GC invocations=93 (full 0):
 garbage-first heap   total 387072K, used 305152K [0x0000000080000000, 0x0000000100000000)
  region size 1024K, 5 young (5120K), 5 survivors (5120K)
 Metaspace       used 161263K, capacity 166671K, committed 166812K, reserved 1193984K
  class space    used 20337K, capacity 22296K, committed 22296K, reserved 1048576K
}
Event: 858.110 GC heap before
{Heap before GC invocations=93 (full 0):
 garbage-first heap   total 387072K, used 326656K [0x0000000080000000, 0x0000000100000000)
  region size 1024K, 26 young (26624K), 5 survivors (5120K)
 Metaspace       used 161277K, capacity 166736K, committed 166812K, reserved 1193984K
  class space    used 20337K, capacity 22296K, committed 22296K, reserved 1048576K
}

